<?xml version="1.0" encoding="UTF-8"?>
<!-- Generated by org.testng.reporters.JUnitXMLReporter -->
<testsuite hostname="MSDESBACKUP" ignored="0" name="Test" tests="1" failures="0" timestamp="2020-06-05T15:45:37 IST" time="27.128" errors="0">
  <testcase name="@BeforeClass AppOnStart" time="27.081" classname="com.MS.Zeenyx.Pages.BaseClass">
    <failure type="org.openqa.selenium.TimeoutException" message="Timeout loading page after 20000ms
Build info: version: &amp;apos;4.0.0-alpha-2&amp;apos;, revision: &amp;apos;f148142cf8&amp;apos;, time: &amp;apos;2019-07-01T20:55:26&amp;apos;
System info: host: &amp;apos;MSDESBACKUP&amp;apos;, ip: &amp;apos;10.10.20.29&amp;apos;, os.name: &amp;apos;Windows 10&amp;apos;, os.arch: &amp;apos;amd64&amp;apos;, os.version: &amp;apos;10.0&amp;apos;, java.version: &amp;apos;1.8.0_211&amp;apos;
Driver info: org.openqa.selenium.firefox.FirefoxDriver
Capabilities {acceptInsecureCerts: true, browserName: firefox, browserVersion: 75.0, javascriptEnabled: true, moz:accessibilityChecks: false, moz:buildID: 20200403170909, moz:geckodriverVersion: 0.26.0, moz:headless: false, moz:processID: 15288, moz:profile: C:\Users\msadmin\AppData\Lo..., moz:shutdownTimeout: 60000, moz:useNonSpecCompliantPointerOrigin: false, moz:webdriverClick: true, pageLoadStrategy: normal, platform: WINDOWS, platformName: WINDOWS, platformVersion: 10.0, rotatable: false, setWindowRect: true, strictFileInteractability: false, timeouts: {implicit: 0, pageLoad: 300000, script: 30000}, unhandledPromptBehavior: dismiss and notify}
Session ID: c3b128bc-11f4-4f0d-b3ac-46252e654cf5">
      <![CDATA[org.openqa.selenium.TimeoutException: Timeout loading page after 20000ms
Build info: version: '4.0.0-alpha-2', revision: 'f148142cf8', time: '2019-07-01T20:55:26'
System info: host: 'MSDESBACKUP', ip: '10.10.20.29', os.name: 'Windows 10', os.arch: 'amd64', os.version: '10.0', java.version: '1.8.0_211'
Driver info: org.openqa.selenium.firefox.FirefoxDriver
Capabilities {acceptInsecureCerts: true, browserName: firefox, browserVersion: 75.0, javascriptEnabled: true, moz:accessibilityChecks: false, moz:buildID: 20200403170909, moz:geckodriverVersion: 0.26.0, moz:headless: false, moz:processID: 15288, moz:profile: C:\Users\msadmin\AppData\Lo..., moz:shutdownTimeout: 60000, moz:useNonSpecCompliantPointerOrigin: false, moz:webdriverClick: true, pageLoadStrategy: normal, platform: WINDOWS, platformName: WINDOWS, platformVersion: 10.0, rotatable: false, setWindowRect: true, strictFileInteractability: false, timeouts: {implicit: 0, pageLoad: 300000, script: 30000}, unhandledPromptBehavior: dismiss and notify}
Session ID: c3b128bc-11f4-4f0d-b3ac-46252e654cf5
at org.openqa.selenium.remote.codec.w3c.W3CHttpResponseCodec.createException(W3CHttpResponseCodec.java:191)
at org.openqa.selenium.remote.codec.w3c.W3CHttpResponseCodec.decode(W3CHttpResponseCodec.java:125)
at org.openqa.selenium.remote.codec.w3c.W3CHttpResponseCodec.decode(W3CHttpResponseCodec.java:52)
at org.openqa.selenium.remote.HttpCommandExecutor.execute(HttpCommandExecutor.java:161)
at org.openqa.selenium.remote.service.DriverCommandExecutor.execute(DriverCommandExecutor.java:83)
at org.openqa.selenium.remote.RemoteWebDriver.execute(RemoteWebDriver.java:576)
at org.openqa.selenium.remote.RemoteWebDriver.get(RemoteWebDriver.java:276)
at com.MS.Zeenyx.Utilities.BrowserFactory.OnStart(BrowserFactory.java:35)
at com.MS.Zeenyx.Pages.BaseClass.AppOnStart(BaseClass.java:63)
at java.util.ArrayList.forEach(ArrayList.java:1257)
... Removed 29 stack frames]]>
    </failure>
  </testcase> <!-- @BeforeClass AppOnStart -->
  <testcase name="@AfterMethod CaptureSnapshot" time="-1.591352137297E9" classname="com.MS.Zeenyx.Pages.BaseClass">
    <skipped/>
  </testcase> <!-- @AfterMethod CaptureSnapshot -->
  <testcase name="@AfterClass AppOnFinish" time="-1.591352137297E9" classname="com.MS.Zeenyx.Pages.BaseClass">
    <skipped/>
  </testcase> <!-- @AfterClass AppOnFinish -->
  <testcase name="InfoAboutAT_ZeenyxTestcase" time="0.0" classname="com.MS.Zeenyx.Testcases.InfoAboutATZeennyxTestcase">
    <skipped/>
  </testcase> <!-- InfoAboutAT_ZeenyxTestcase -->
</testsuite> <!-- Test -->
