<?xml version="1.0" encoding="UTF-8"?>
<testng-results skipped="0" failed="0" ignored="0" total="1" passed="1">
  <reporter-output>
    <line>
      <![CDATA[Setting up reports and test is getting ready]]>
    </line>
    <line>
      <![CDATA[Setting done- Test can be started]]>
    </line>
    <line>
      <![CDATA[Test is about to end]]>
    </line>
    <line>
      <![CDATA[Test Completed >>>> Reports Generated]]>
    </line>
  </reporter-output>
  <suite name="Suite" duration-ms="34827" started-at="2020-02-14T09:41:52Z" finished-at="2020-02-14T09:42:27Z">
    <groups>
    </groups>
    <test name="Test" duration-ms="34827" started-at="2020-02-14T09:41:52Z" finished-at="2020-02-14T09:42:27Z">
      <class name="com.MS.Zeenyx.Testcases.InfoRequestZeenyxTestcase">
        <test-method status="PASS" signature="SetUpSuite()[pri:0, instance:com.MS.Zeenyx.Testcases.InfoRequestZeenyxTestcase@1e9e725a]" name="SetUpSuite" is-config="true" duration-ms="125" started-at="2020-02-14T15:11:52Z" finished-at="2020-02-14T15:11:52Z">
          <reporter-output>
            <line>
              <![CDATA[Setting up reports and test is getting ready]]>
            </line>
            <line>
              <![CDATA[Setting done- Test can be started]]>
            </line>
          </reporter-output>
        </test-method> <!-- SetUpSuite -->
        <test-method status="PASS" signature="AppOnStart()[pri:0, instance:com.MS.Zeenyx.Testcases.InfoRequestZeenyxTestcase@1e9e725a]" name="AppOnStart" is-config="true" duration-ms="13140" started-at="2020-02-14T15:11:52Z" finished-at="2020-02-14T15:12:05Z">
          <reporter-output>
          </reporter-output>
        </test-method> <!-- AppOnStart -->
        <test-method status="PASS" signature="InfoRequest_ZeenyxTestcase(java.lang.String, java.lang.String, java.lang.String, java.lang.String, java.lang.String, java.lang.String, java.lang.String, java.lang.String, java.lang.String, java.lang.String)[pri:0, instance:com.MS.Zeenyx.Testcases.InfoRequestZeenyxTestcase@1e9e725a]" name="InfoRequest_ZeenyxTestcase" duration-ms="9594" started-at="2020-02-14T15:12:07Z" data-provider="ReadData" finished-at="2020-02-14T15:12:17Z">
          <params>
            <param index="0">
              <value>
                <![CDATA[Vidya]]>
              </value>
            </param>
            <param index="1">
              <value>
                <![CDATA[D]]>
              </value>
            </param>
            <param index="2">
              <value>
                <![CDATA[Matryxsoft]]>
              </value>
            </param>
            <param index="3">
              <value>
                <![CDATA[Chikkasandra]]>
              </value>
            </param>
            <param index="4">
              <value>
                <![CDATA[Matryx@matryxsoft.com]]>
              </value>
            </param>
            <param index="5">
              <value>
                <![CDATA[Bangalore]]>
              </value>
            </param>
            <param index="6">
              <value>
                <![CDATA[MA]]>
              </value>
            </param>
            <param index="7">
              <value>
                <![CDATA[Matryx@matryxsoft.com]]>
              </value>
            </param>
            <param index="8">
              <value>
                <![CDATA[Matryx@matryxsoft.com]]>
              </value>
            </param>
            <param index="9">
              <value>
                <![CDATA[Hi , I want information about Ascential test automation tool ]]>
              </value>
            </param>
          </params>
          <reporter-output>
          </reporter-output>
        </test-method> <!-- InfoRequest_ZeenyxTestcase -->
        <test-method status="PASS" signature="CaptureSnapshot(org.testng.ITestResult)[pri:0, instance:com.MS.Zeenyx.Testcases.InfoRequestZeenyxTestcase@1e9e725a]" name="CaptureSnapshot" is-config="true" duration-ms="5484" started-at="2020-02-14T15:12:17Z" finished-at="2020-02-14T15:12:22Z">
          <params>
            <param index="0">
              <value>
                <![CDATA[[TestResult name=InfoRequest_ZeenyxTestcase status=SUCCESS method=InfoRequestZeenyxTestcase.InfoRequest_ZeenyxTestcase(java.lang.String, java.lang.String, java.lang.String, java.lang.String, java.lang.String, java.lang.String, java.lang.String, java.lang.String, java.lang.String, java.lang.String)[pri:0, instance:com.MS.Zeenyx.Testcases.InfoRequestZeenyxTestcase@1e9e725a] output={null}]]]>
              </value>
            </param>
          </params>
          <reporter-output>
            <line>
              <![CDATA[Test is about to end]]>
            </line>
            <line>
              <![CDATA[Test Completed >>>> Reports Generated]]>
            </line>
          </reporter-output>
        </test-method> <!-- CaptureSnapshot -->
        <test-method status="PASS" signature="AppOnFinish()[pri:0, instance:com.MS.Zeenyx.Testcases.InfoRequestZeenyxTestcase@1e9e725a]" name="AppOnFinish" is-config="true" duration-ms="4953" started-at="2020-02-14T15:12:22Z" finished-at="2020-02-14T15:12:27Z">
          <reporter-output>
          </reporter-output>
        </test-method> <!-- AppOnFinish -->
      </class> <!-- com.MS.Zeenyx.Testcases.InfoRequestZeenyxTestcase -->
    </test> <!-- Test -->
  </suite> <!-- Suite -->
</testng-results>
